#
# A fatal error has been detected by the Java Runtime Environment:
#
#  SIGSEGV (0xb) at pc=0x00007f510d5a00ad, pid=103677, tid=103695
#
# JRE version: OpenJDK Runtime Environment (11.0.11+9) (build 11.0.11+9-Ubuntu-0ubuntu2.20.04)
# Java VM: OpenJDK 64-Bit Server VM (11.0.11+9-Ubuntu-0ubuntu2.20.04, mixed mode, sharing, tiered, compressed oops, g1 gc, linux-amd64)
# Problematic frame:
# C  [libjimage.so+0x30ad]
#
# No core dump will be written. Core dumps have been disabled. To enable core dumping, try "ulimit -c unlimited" before starting Java again
#
# If you would like to submit a bug report, please visit:
#   https://bugs.launchpad.net/ubuntu/+source/openjdk-lts
#

---------------  S U M M A R Y ------------

Command Line: -agentlib:jdwp=transport=dt_socket,suspend=y,address=localhost:35111 -javaagent:/home/luiz/eclipse/jee-2021-06/eclipse/configuration/org.eclipse.osgi/410/0/.cp/lib/javaagent-shaded.jar -Dfile.encoding=UTF-8 br.com.springboot.crud_springboot.Application

Host: Intel(R) Core(TM) i3-7020U CPU @ 2.30GHz, 4 cores, 3G, Ubuntu 20.04.2 LTS
Time: Tue Jul 20 22:35:02 2021 -03 elapsed time: 28.060196 seconds (0d 0h 0m 28s)

---------------  T H R E A D  ---------------

Current thread (0x00007f510812c800):  JavaThread "Signal Dispatcher" daemon [_thread_in_vm, id=103695, stack(0x00007f50d388c000,0x00007f50d398d000)]

Stack: [0x00007f50d388c000,0x00007f50d398d000],  sp=0x00007f50d398a1f0,  free space=1016k
Native frames: (J=compiled Java code, A=aot compiled Java code, j=interpreted, Vv=VM code, C=native code)
C  [libjimage.so+0x30ad]
C  [libjimage.so+0x3da2]
C  [libjimage.so+0x4291]  JIMAGE_FindResource+0xf1
V  [libjvm.so+0x5b0731]
V  [libjvm.so+0x5b2ee1]
V  [libjvm.so+0xdea23d]
V  [libjvm.so+0xde8dca]
V  [libjvm.so+0xdeb38b]
V  [libjvm.so+0x6624ce]
V  [libjvm.so+0x850e76]
j  jdk.internal.misc.Signal.dispatch(I)V+25 java.base@11.0.11
v  ~StubRoutines::call_stub
V  [libjvm.so+0x859b69]
V  [libjvm.so+0x858b82]
V  [libjvm.so+0xbc8b4e]
V  [libjvm.so+0xe2105f]
V  [libjvm.so+0xe1d690]
V  [libjvm.so+0xbdac76]

Java frames: (J=compiled Java code, j=interpreted, Vv=VM code)
j  jdk.internal.misc.Signal.dispatch(I)V+25 java.base@11.0.11
v  ~StubRoutines::call_stub

siginfo: si_signo: 11 (SIGSEGV), si_code: 1 (SEGV_MAPERR), si_addr: 0x00007f50ff87e8e0

Register to memory mapping:

RAX=0x0000000000001a31 is an unknown value
RBX=0x00007f50d398a2a1 is pointing into the stack for thread: 0x00007f510812c800
RCX=0x00007f50d398a2c3 is pointing into the stack for thread: 0x00007f510812c800
RDX=0x0000000000001a31 is an unknown value
RSP=0x00007f50d398a1f0 is pointing into the stack for thread: 0x00007f510812c800
RBP=0x00007f50d398a210 is pointing into the stack for thread: 0x00007f510812c800
RSI=0x0 is NULL
RDI=0x00007f510d5a5030: <offset 0x0000000000008030> in /usr/lib/jvm/java-11-openjdk-amd64/lib/libjimage.so at 0x00007f510d59d000
R8 =0x00007f50ff87801c is an unknown value
R9 =0x00007f50d398b0b0 is pointing into the stack for thread: 0x00007f510812c800
R10=0x00007f510e971460: <offset 0x0000000000f45460> in /usr/lib/jvm/java-11-openjdk-amd64/lib/server/libjvm.so at 0x00007f510da2c000
R11=0x00007f50d398b418 is pointing into the stack for thread: 0x00007f510812c800
R12=0x000000000000843b is an unknown value
R13=0x00007f50d398a2a0 is pointing into the stack for thread: 0x00007f510812c800
R14=0x0 is NULL
R15=0x00007f510812d3d0 points into unknown readable memory: 0x65746e692f6b646a | 6a 64 6b 2f 69 6e 74 65


Registers:
RAX=0x0000000000001a31, RBX=0x00007f50d398a2a1, RCX=0x00007f50d398a2c3, RDX=0x0000000000001a31
RSP=0x00007f50d398a1f0, RBP=0x00007f50d398a210, RSI=0x0000000000000000, RDI=0x00007f510d5a5030
R8 =0x00007f50ff87801c, R9 =0x00007f50d398b0b0, R10=0x00007f510e971460, R11=0x00007f50d398b418
R12=0x000000000000843b, R13=0x00007f50d398a2a0, R14=0x0000000000000000, R15=0x00007f510812d3d0
RIP=0x00007f510d5a00ad, EFLAGS=0x0000000000010246, CSGSFS=0x002b000000000033, ERR=0x0000000000000004
  TRAPNO=0x000000000000000e

Top of Stack: (sp=0x00007f50d398a1f0)
0x00007f50d398a1f0:   0000000000000000 00007f50d398b338
0x00007f50d398a200:   00007f5108009a10 00007f50d398a2a0
0x00007f50d398a210:   00007f50d398a280 00007f510d5a0da2
0x00007f50d398a220:   0000000000000000 0000000000000000 

Instructions: (pc=0x00007f510d5a00ad)
0x00007f510d59ffad:   f3 ff ff 44 03 65 90 e9 3f fe ff ff 0f 1f 80 00
0x00007f510d59ffbd:   00 00 00 41 8b 10 41 89 55 00 41 8b 54 00 fc 41
0x00007f510d59ffcd:   89 54 05 fc e9 82 fc ff ff 66 2e 0f 1f 84 00 00
0x00007f510d59ffdd:   00 00 00 b9 0a 00 00 00 e9 f0 fc ff ff 41 0f b7
0x00007f510d59ffed:   54 00 fe 66 41 89 54 05 fe e9 5d fc ff ff 0f 1f
0x00007f510d59fffd:   44 00 00 f3 0f 1e fa 0f b6 17 89 f0 89 f1 4c 8d
0x00007f510d5a000d:   47 01 84 d2 74 1c 0f 1f 44 00 00 69 c9 93 01 00
0x00007f510d5a001d:   01 49 83 c0 01 31 d1 41 0f b6 50 ff 84 d2 75 eb
0x00007f510d5a002d:   89 c8 25 ff ff ff 7f c3 90 66 2e 0f 1f 84 00 00
0x00007f510d5a003d:   00 00 00 f3 0f 1e fa 48 85 d2 0f 84 da 00 00 00
0x00007f510d5a004d:   55 48 89 e5 41 55 41 54 41 89 cc 53 48 83 ec 08
0x00007f510d5a005d:   85 c9 0f 84 ba 00 00 00 49 89 f5 48 8d 5e 01 0f
0x00007f510d5a006d:   b6 36 49 89 d0 40 84 f6 0f 84 9d 00 00 00 48 89
0x00007f510d5a007d:   d9 b8 93 01 00 01 0f 1f 44 00 00 69 d0 93 01 00
0x00007f510d5a008d:   01 48 83 c1 01 40 0f b6 c6 0f b6 71 ff 31 d0 40
0x00007f510d5a009d:   84 f6 75 e7 25 ff ff ff 7f 31 d2 41 f7 f4 89 d0
0x00007f510d5a00ad:   41 8b 34 80 48 8b 07 ff 50 20 85 c0 7f 15 74 62
0x00007f510d5a00bd:   f7 d0 41 89 c0 48 83 c4 08 44 89 c0 5b 41 5c 41
0x00007f510d5a00cd:   5d 5d c3 41 0f b6 4d 00 89 c6 84 c9 74 1b 0f 1f
0x00007f510d5a00dd:   44 00 00 69 f6 93 01 00 01 48 83 c3 01 31 ce 0f
0x00007f510d5a00ed:   b6 4b ff 84 c9 75 ec 89 f0 25 ff ff ff 7f 31 d2
0x00007f510d5a00fd:   48 83 c4 08 41 f7 f4 5b 41 5c 41 5d 5d 41 89 d0
0x00007f510d5a010d:   44 89 c0 c3 0f 1f 80 00 00 00 00 b8 93 01 00 01
0x00007f510d5a011d:   eb 87 41 b8 ff ff ff ff eb 9b 41 83 c8 ff 44 89
0x00007f510d5a012d:   c0 c3 90 f3 0f 1e fa eb 1d 66 2e 0f 1f 84 00 00
0x00007f510d5a013d:   00 00 00 0f b6 16 84 d2 74 13 38 c2 75 15 48 83
0x00007f510d5a014d:   c7 01 48 83 c6 01 0f b6 07 84 c0 75 e6 48 89 f8
0x00007f510d5a015d:   c3 66 90 31 c0 c3 90 66 66 2e 0f 1f 84 00 00 00
0x00007f510d5a016d:   00 00 90 f3 0f 1e fa 48 85 f6 74 51 0f b6 06 84
0x00007f510d5a017d:   c0 74 4a 0f b6 d0 83 e0 07 c1 fa 03 44 8d 50 01
0x00007f510d5a018d:   0f b6 c0 41 89 d1 4c 8d 44 06 02 48 8d 56 01 31
0x00007f510d5a019d:   c0 66 90 0f b6 0a 48 c1 e0 08 48 83 c2 01 48 09 


Stack slot to memory mapping:
stack at sp + 0 slots: 0x0 is NULL
stack at sp + 1 slots: 0x00007f50d398b338 is pointing into the stack for thread: 0x00007f510812c800
stack at sp + 2 slots: 0x00007f5108009a10 points into unknown readable memory: 0x00007f50a8005760 | 60 57 00 a8 50 7f 00 00
stack at sp + 3 slots: 0x00007f50d398a2a0 is pointing into the stack for thread: 0x00007f510812c800
stack at sp + 4 slots: 0x00007f50d398a280 is pointing into the stack for thread: 0x00007f510812c800
stack at sp + 5 slots: 0x00007f510d5a0da2: <offset 0x0000000000003da2> in /usr/lib/jvm/java-11-openjdk-amd64/lib/libjimage.so at 0x00007f510d59d000
stack at sp + 6 slots: 0x0 is NULL
stack at sp + 7 slots: 0x0 is NULL


---------------  P R O C E S S  ---------------

Threads class SMR info:
_java_thread_list=0x00007f50a00021a0, length=11, elements={
0x00007f5108019800, 0x00007f5108125000, 0x00007f5108127000, 0x00007f510812c800,
0x00007f510812e800, 0x00007f5108131000, 0x00007f5108133000, 0x00007f5108135000,
0x00007f510816a800, 0x00007f51081b5800, 0x00007f51081ba000
}

Java Threads: ( => current thread )
  0x00007f5108019800 JavaThread "main" [_thread_blocked, id=103686, stack(0x00007f510d5df000,0x00007f510d6e0000)]
  0x00007f5108125000 JavaThread "Reference Handler" daemon [_thread_blocked, id=103693, stack(0x00007f50e808c000,0x00007f50e818d000)]
  0x00007f5108127000 JavaThread "Finalizer" daemon [_thread_blocked, id=103694, stack(0x00007f50d3eff000,0x00007f50d4000000)]
=>0x00007f510812c800 JavaThread "Signal Dispatcher" daemon [_thread_in_vm, id=103695, stack(0x00007f50d388c000,0x00007f50d398d000)]
  0x00007f510812e800 JavaThread "Service Thread" daemon [_thread_blocked, id=103696, stack(0x00007f50d378b000,0x00007f50d388c000)]
  0x00007f5108131000 JavaThread "C2 CompilerThread0" daemon [_thread_blocked, id=103697, stack(0x00007f50d368a000,0x00007f50d378b000)]
  0x00007f5108133000 JavaThread "C1 CompilerThread0" daemon [_thread_blocked, id=103698, stack(0x00007f50d3589000,0x00007f50d368a000)]
  0x00007f5108135000 JavaThread "Sweeper thread" daemon [_thread_blocked, id=103699, stack(0x00007f50d3488000,0x00007f50d3589000)]
  0x00007f510816a800 JavaThread "Common-Cleaner" daemon [_thread_blocked, id=103701, stack(0x00007f50d3387000,0x00007f50d3488000)]
  0x00007f51081b5800 JavaThread "JDWP Transport Listener: dt_socket" daemon [_thread_in_native, id=103703, stack(0x00007f50d3286000,0x00007f50d3387000)]
  0x00007f51081ba000 JavaThread "JDWP Event Helper Thread" daemon [_thread_blocked, id=103706, stack(0x00007f50d3185000,0x00007f50d3286000)]

Other Threads:
  0x00007f5108122000 VMThread "VM Thread" [stack: 0x00007f50e818f000,0x00007f50e828f000] [id=103692]
  0x00007f51084f0800 WatcherThread [stack: 0x00007f50d2f84000,0x00007f50d3084000] [id=103710]
  0x00007f5108031000 GCTaskThread "GC Thread#0" [stack: 0x00007f510d246000,0x00007f510d346000] [id=103687]
  0x00007f50d8001000 GCTaskThread "GC Thread#1" [stack: 0x00007f50d2e82000,0x00007f50d2f82000] [id=103711]
  0x00007f50d8004000 GCTaskThread "GC Thread#2" [stack: 0x00007f50d2b7e000,0x00007f50d2c7e000] [id=103714]
  0x00007f50d8005800 GCTaskThread "GC Thread#3" [stack: 0x00007f50d2a7c000,0x00007f50d2b7c000] [id=103715]
  0x00007f510804b000 ConcurrentGCThread "G1 Main Marker" [stack: 0x00007f510c7b4000,0x00007f510c8b4000] [id=103688]
  0x00007f510804c800 ConcurrentGCThread "G1 Conc#0" [stack: 0x00007f510c6b2000,0x00007f510c7b2000] [id=103689]
  0x00007f510808d000 ConcurrentGCThread "G1 Refine#0" [stack: 0x00007f510c1ac000,0x00007f510c2ac000] [id=103690]
  0x00007f510808f000 ConcurrentGCThread "G1 Young RemSet Sampling" [stack: 0x00007f510c0aa000,0x00007f510c1aa000] [id=103691]

Threads with active compile tasks:

VM state:not at safepoint (normal execution)

VM Mutex/Monitor currently owned by a thread: None

Heap address: 0x00000000c6200000, size: 926 MB, Compressed Oops mode: 32-bit
Narrow klass base: 0x0000000800000000, Narrow klass shift: 3
Compressed class space size: 1073741824 Address: 0x0000000840000000

Heap:
 garbage-first heap   total 108544K, used 58576K [0x00000000c6200000, 0x0000000100000000)
  region size 1024K, 36 young (36864K), 6 survivors (6144K)
 Metaspace       used 59679K, capacity 61141K, committed 61228K, reserved 1101824K
  class space    used 7747K, capacity 8319K, committed 8320K, reserved 1048576K
Heap Regions: E=young(eden), S=young(survivor), O=old, HS=humongous(starts), HC=humongous(continues), CS=collection set, F=free, A=archive, TAMS=top-at-mark-start (previous, next)
|   0|0x00000000c6200000, 0x00000000c6300000, 0x00000000c6300000|100%|HS|  